2014/07/20 20:45:50 [error] [exception.CException] exception 'CException' with message 'CommentController contains improperly nested widget tags in its view "C:\xampp\htdocs\yii_blog_nerez_carlos\protected\views\comment\_form.php". A CActiveForm widget does not have an endWidget() call.' in C:\xampp\htdocs\yii\framework\web\CBaseController.php:101
Stack trace:
#0 C:\xampp\htdocs\yii\framework\web\CController.php(869): CBaseController->renderFile('C:\xampp\htdocs...', Array, true)
#1 C:\xampp\htdocs\yii_blog_nerez_carlos\protected\views\comment\create.php(18): CController->renderPartial('_form', Array)
#2 C:\xampp\htdocs\yii\framework\web\CBaseController.php(126): require('C:\xampp\htdocs...')
#3 C:\xampp\htdocs\yii\framework\web\CBaseController.php(95): CBaseController->renderInternal('C:\xampp\htdocs...', Array, true)
#4 C:\xampp\htdocs\yii\framework\web\CController.php(869): CBaseController->renderFile('C:\xampp\htdocs...', Array, true)
#5 C:\xampp\htdocs\yii\framework\web\CController.php(782): CController->renderPartial('create', Array, true)
#6 C:\xampp\htdocs\yii_blog_nerez_carlos\protected\controllers\CommentController.php(91): CController->render('create', Array)
#7 C:\xampp\htdocs\yii\framework\web\actions\CInlineAction.php(49): CommentController->actionCreate()
#8 C:\xampp\htdocs\yii\framework\web\CController.php(308): CInlineAction->runWithParams(Array)
#9 C:\xampp\htdocs\yii\framework\web\filters\CFilterChain.php(133): CController->runAction(Object(CInlineAction))
#10 C:\xampp\htdocs\yii\framework\web\filters\CFilter.php(40): CFilterChain->run()
#11 C:\xampp\htdocs\yii\framework\web\CController.php(1145): CFilter->filter(Object(CFilterChain))
#12 C:\xampp\htdocs\yii\framework\web\filters\CInlineFilter.php(58): CController->filterAccessControl(Object(CFilterChain))
#13 C:\xampp\htdocs\yii\framework\web\filters\CFilterChain.php(130): CInlineFilter->filter(Object(CFilterChain))
#14 C:\xampp\htdocs\yii\framework\web\CController.php(291): CFilterChain->run()
#15 C:\xampp\htdocs\yii\framework\web\CController.php(265): CController->runActionWithFilters(Object(CInlineAction), Array)
#16 C:\xampp\htdocs\yii\framework\web\CWebApplication.php(282): CController->run('create')
#17 C:\xampp\htdocs\yii\framework\web\CWebApplication.php(141): CWebApplication->runController('comment/create')
#18 C:\xampp\htdocs\yii\framework\base\CApplication.php(180): CWebApplication->processRequest()
#19 C:\xampp\htdocs\yii_blog_nerez_carlos\index.php(13): CApplication->run()
#20 {main}
REQUEST_URI=/yii_blog_nerez_carlos/index.php?r=comment/create
HTTP_REFERER=http://localhost/yii_blog_nerez_carlos/index.php?r=Comment
---
2014/07/20 20:47:34 [error] [exception.CException] exception 'CException' with message 'CommentController contains improperly nested widget tags in its view "C:\xampp\htdocs\yii_blog_nerez_carlos\protected\views\comment\_form.php". A CActiveForm widget does not have an endWidget() call.' in C:\xampp\htdocs\yii\framework\web\CBaseController.php:101
Stack trace:
#0 C:\xampp\htdocs\yii\framework\web\CController.php(869): CBaseController->renderFile('C:\xampp\htdocs...', Array, true)
#1 C:\xampp\htdocs\yii_blog_nerez_carlos\protected\views\comment\create.php(18): CController->renderPartial('_form', Array)
#2 C:\xampp\htdocs\yii\framework\web\CBaseController.php(126): require('C:\xampp\htdocs...')
#3 C:\xampp\htdocs\yii\framework\web\CBaseController.php(95): CBaseController->renderInternal('C:\xampp\htdocs...', Array, true)
#4 C:\xampp\htdocs\yii\framework\web\CController.php(869): CBaseController->renderFile('C:\xampp\htdocs...', Array, true)
#5 C:\xampp\htdocs\yii\framework\web\CController.php(782): CController->renderPartial('create', Array, true)
#6 C:\xampp\htdocs\yii_blog_nerez_carlos\protected\controllers\CommentController.php(91): CController->render('create', Array)
#7 C:\xampp\htdocs\yii\framework\web\actions\CInlineAction.php(49): CommentController->actionCreate()
#8 C:\xampp\htdocs\yii\framework\web\CController.php(308): CInlineAction->runWithParams(Array)
#9 C:\xampp\htdocs\yii\framework\web\filters\CFilterChain.php(133): CController->runAction(Object(CInlineAction))
#10 C:\xampp\htdocs\yii\framework\web\filters\CFilter.php(40): CFilterChain->run()
#11 C:\xampp\htdocs\yii\framework\web\CController.php(1145): CFilter->filter(Object(CFilterChain))
#12 C:\xampp\htdocs\yii\framework\web\filters\CInlineFilter.php(58): CController->filterAccessControl(Object(CFilterChain))
#13 C:\xampp\htdocs\yii\framework\web\filters\CFilterChain.php(130): CInlineFilter->filter(Object(CFilterChain))
#14 C:\xampp\htdocs\yii\framework\web\CController.php(291): CFilterChain->run()
#15 C:\xampp\htdocs\yii\framework\web\CController.php(265): CController->runActionWithFilters(Object(CInlineAction), Array)
#16 C:\xampp\htdocs\yii\framework\web\CWebApplication.php(282): CController->run('create')
#17 C:\xampp\htdocs\yii\framework\web\CWebApplication.php(141): CWebApplication->runController('comment/create')
#18 C:\xampp\htdocs\yii\framework\base\CApplication.php(180): CWebApplication->processRequest()
#19 C:\xampp\htdocs\yii_blog_nerez_carlos\index.php(13): CApplication->run()
#20 {main}
REQUEST_URI=/yii_blog_nerez_carlos/index.php?r=comment/create
HTTP_REFERER=http://localhost/yii_blog_nerez_carlos/index.php?r=Comment
---
2014/07/20 20:47:34 [error] [exception.CException] exception 'CException' with message 'CommentController contains improperly nested widget tags in its view "C:\xampp\htdocs\yii_blog_nerez_carlos\protected\views\comment\_form.php". A CActiveForm widget does not have an endWidget() call.' in C:\xampp\htdocs\yii\framework\web\CBaseController.php:101
Stack trace:
#0 C:\xampp\htdocs\yii\framework\web\CController.php(869): CBaseController->renderFile('C:\xampp\htdocs...', Array, true)
#1 C:\xampp\htdocs\yii_blog_nerez_carlos\protected\views\comment\create.php(18): CController->renderPartial('_form', Array)
#2 C:\xampp\htdocs\yii\framework\web\CBaseController.php(126): require('C:\xampp\htdocs...')
#3 C:\xampp\htdocs\yii\framework\web\CBaseController.php(95): CBaseController->renderInternal('C:\xampp\htdocs...', Array, true)
#4 C:\xampp\htdocs\yii\framework\web\CController.php(869): CBaseController->renderFile('C:\xampp\htdocs...', Array, true)
#5 C:\xampp\htdocs\yii\framework\web\CController.php(782): CController->renderPartial('create', Array, true)
#6 C:\xampp\htdocs\yii_blog_nerez_carlos\protected\controllers\CommentController.php(91): CController->render('create', Array)
#7 C:\xampp\htdocs\yii\framework\web\actions\CInlineAction.php(49): CommentController->actionCreate()
#8 C:\xampp\htdocs\yii\framework\web\CController.php(308): CInlineAction->runWithParams(Array)
#9 C:\xampp\htdocs\yii\framework\web\filters\CFilterChain.php(133): CController->runAction(Object(CInlineAction))
#10 C:\xampp\htdocs\yii\framework\web\filters\CFilter.php(40): CFilterChain->run()
#11 C:\xampp\htdocs\yii\framework\web\CController.php(1145): CFilter->filter(Object(CFilterChain))
#12 C:\xampp\htdocs\yii\framework\web\filters\CInlineFilter.php(58): CController->filterAccessControl(Object(CFilterChain))
#13 C:\xampp\htdocs\yii\framework\web\filters\CFilterChain.php(130): CInlineFilter->filter(Object(CFilterChain))
#14 C:\xampp\htdocs\yii\framework\web\CController.php(291): CFilterChain->run()
#15 C:\xampp\htdocs\yii\framework\web\CController.php(265): CController->runActionWithFilters(Object(CInlineAction), Array)
#16 C:\xampp\htdocs\yii\framework\web\CWebApplication.php(282): CController->run('create')
#17 C:\xampp\htdocs\yii\framework\web\CWebApplication.php(141): CWebApplication->runController('comment/create')
#18 C:\xampp\htdocs\yii\framework\base\CApplication.php(180): CWebApplication->processRequest()
#19 C:\xampp\htdocs\yii_blog_nerez_carlos\index.php(13): CApplication->run()
#20 {main}
REQUEST_URI=/yii_blog_nerez_carlos/index.php?r=comment/create
HTTP_REFERER=http://localhost/yii_blog_nerez_carlos/index.php?r=Comment
---
2014/07/20 20:47:44 [error] [exception.CHttpException.403] exception 'CHttpException' with message 'You are not authorized to perform this action.' in C:\xampp\htdocs\yii\framework\web\auth\CAccessControlFilter.php:182
Stack trace:
#0 C:\xampp\htdocs\yii\framework\web\auth\CAccessControlFilter.php(145): CAccessControlFilter->accessDenied(Object(CWebUser), 'You are not aut...')
#1 C:\xampp\htdocs\yii\framework\web\filters\CFilter.php(38): CAccessControlFilter->preFilter(Object(CFilterChain))
#2 C:\xampp\htdocs\yii\framework\web\CController.php(1145): CFilter->filter(Object(CFilterChain))
#3 C:\xampp\htdocs\yii\framework\web\filters\CInlineFilter.php(58): CController->filterAccessControl(Object(CFilterChain))
#4 C:\xampp\htdocs\yii\framework\web\filters\CFilterChain.php(130): CInlineFilter->filter(Object(CFilterChain))
#5 C:\xampp\htdocs\yii\framework\web\CController.php(291): CFilterChain->run()
#6 C:\xampp\htdocs\yii\framework\web\CController.php(265): CController->runActionWithFilters(Object(CInlineAction), Array)
#7 C:\xampp\htdocs\yii\framework\web\CWebApplication.php(282): CController->run('admin')
#8 C:\xampp\htdocs\yii\framework\web\CWebApplication.php(141): CWebApplication->runController('comment/admin')
#9 C:\xampp\htdocs\yii\framework\base\CApplication.php(180): CWebApplication->processRequest()
#10 C:\xampp\htdocs\yii_blog_nerez_carlos\index.php(13): CApplication->run()
#11 {main}
REQUEST_URI=/yii_blog_nerez_carlos/index.php?r=comment/admin
HTTP_REFERER=http://localhost/yii_blog_nerez_carlos/index.php?r=Comment
---
2014/07/20 20:47:49 [error] [exception.CException] exception 'CException' with message 'CommentController contains improperly nested widget tags in its view "C:\xampp\htdocs\yii_blog_nerez_carlos\protected\views\comment\_form.php". A CActiveForm widget does not have an endWidget() call.' in C:\xampp\htdocs\yii\framework\web\CBaseController.php:101
Stack trace:
#0 C:\xampp\htdocs\yii\framework\web\CController.php(869): CBaseController->renderFile('C:\xampp\htdocs...', Array, true)
#1 C:\xampp\htdocs\yii_blog_nerez_carlos\protected\views\comment\create.php(18): CController->renderPartial('_form', Array)
#2 C:\xampp\htdocs\yii\framework\web\CBaseController.php(126): require('C:\xampp\htdocs...')
#3 C:\xampp\htdocs\yii\framework\web\CBaseController.php(95): CBaseController->renderInternal('C:\xampp\htdocs...', Array, true)
#4 C:\xampp\htdocs\yii\framework\web\CController.php(869): CBaseController->renderFile('C:\xampp\htdocs...', Array, true)
#5 C:\xampp\htdocs\yii\framework\web\CController.php(782): CController->renderPartial('create', Array, true)
#6 C:\xampp\htdocs\yii_blog_nerez_carlos\protected\controllers\CommentController.php(91): CController->render('create', Array)
#7 C:\xampp\htdocs\yii\framework\web\actions\CInlineAction.php(49): CommentController->actionCreate()
#8 C:\xampp\htdocs\yii\framework\web\CController.php(308): CInlineAction->runWithParams(Array)
#9 C:\xampp\htdocs\yii\framework\web\filters\CFilterChain.php(133): CController->runAction(Object(CInlineAction))
#10 C:\xampp\htdocs\yii\framework\web\filters\CFilter.php(40): CFilterChain->run()
#11 C:\xampp\htdocs\yii\framework\web\CController.php(1145): CFilter->filter(Object(CFilterChain))
#12 C:\xampp\htdocs\yii\framework\web\filters\CInlineFilter.php(58): CController->filterAccessControl(Object(CFilterChain))
#13 C:\xampp\htdocs\yii\framework\web\filters\CFilterChain.php(130): CInlineFilter->filter(Object(CFilterChain))
#14 C:\xampp\htdocs\yii\framework\web\CController.php(291): CFilterChain->run()
#15 C:\xampp\htdocs\yii\framework\web\CController.php(265): CController->runActionWithFilters(Object(CInlineAction), Array)
#16 C:\xampp\htdocs\yii\framework\web\CWebApplication.php(282): CController->run('create')
#17 C:\xampp\htdocs\yii\framework\web\CWebApplication.php(141): CWebApplication->runController('comment/create')
#18 C:\xampp\htdocs\yii\framework\base\CApplication.php(180): CWebApplication->processRequest()
#19 C:\xampp\htdocs\yii_blog_nerez_carlos\index.php(13): CApplication->run()
#20 {main}
REQUEST_URI=/yii_blog_nerez_carlos/index.php?r=comment/create
HTTP_REFERER=http://localhost/yii_blog_nerez_carlos/index.php?r=Comment
---
2014/07/20 20:50:56 [error] [exception.CException] exception 'CException' with message 'CommentController contains improperly nested widget tags in its view "C:\xampp\htdocs\yii_blog_nerez_carlos\protected\views\comment\_form.php". A CActiveForm widget does not have an endWidget() call.' in C:\xampp\htdocs\yii\framework\web\CBaseController.php:101
Stack trace:
#0 C:\xampp\htdocs\yii\framework\web\CController.php(869): CBaseController->renderFile('C:\xampp\htdocs...', Array, true)
#1 C:\xampp\htdocs\yii_blog_nerez_carlos\protected\views\comment\create.php(18): CController->renderPartial('_form', Array)
#2 C:\xampp\htdocs\yii\framework\web\CBaseController.php(126): require('C:\xampp\htdocs...')
#3 C:\xampp\htdocs\yii\framework\web\CBaseController.php(95): CBaseController->renderInternal('C:\xampp\htdocs...', Array, true)
#4 C:\xampp\htdocs\yii\framework\web\CController.php(869): CBaseController->renderFile('C:\xampp\htdocs...', Array, true)
#5 C:\xampp\htdocs\yii\framework\web\CController.php(782): CController->renderPartial('create', Array, true)
#6 C:\xampp\htdocs\yii_blog_nerez_carlos\protected\controllers\CommentController.php(91): CController->render('create', Array)
#7 C:\xampp\htdocs\yii\framework\web\actions\CInlineAction.php(49): CommentController->actionCreate()
#8 C:\xampp\htdocs\yii\framework\web\CController.php(308): CInlineAction->runWithParams(Array)
#9 C:\xampp\htdocs\yii\framework\web\filters\CFilterChain.php(133): CController->runAction(Object(CInlineAction))
#10 C:\xampp\htdocs\yii\framework\web\filters\CFilter.php(40): CFilterChain->run()
#11 C:\xampp\htdocs\yii\framework\web\CController.php(1145): CFilter->filter(Object(CFilterChain))
#12 C:\xampp\htdocs\yii\framework\web\filters\CInlineFilter.php(58): CController->filterAccessControl(Object(CFilterChain))
#13 C:\xampp\htdocs\yii\framework\web\filters\CFilterChain.php(130): CInlineFilter->filter(Object(CFilterChain))
#14 C:\xampp\htdocs\yii\framework\web\CController.php(291): CFilterChain->run()
#15 C:\xampp\htdocs\yii\framework\web\CController.php(265): CController->runActionWithFilters(Object(CInlineAction), Array)
#16 C:\xampp\htdocs\yii\framework\web\CWebApplication.php(282): CController->run('create')
#17 C:\xampp\htdocs\yii\framework\web\CWebApplication.php(141): CWebApplication->runController('comment/create')
#18 C:\xampp\htdocs\yii\framework\base\CApplication.php(180): CWebApplication->processRequest()
#19 C:\xampp\htdocs\yii_blog_nerez_carlos\index.php(13): CApplication->run()
#20 {main}
REQUEST_URI=/yii_blog_nerez_carlos/index.php?r=comment/create
HTTP_REFERER=http://localhost/yii_blog_nerez_carlos/index.php?r=Comment
---
2014/07/20 20:50:57 [error] [exception.CException] exception 'CException' with message 'CommentController contains improperly nested widget tags in its view "C:\xampp\htdocs\yii_blog_nerez_carlos\protected\views\comment\_form.php". A CActiveForm widget does not have an endWidget() call.' in C:\xampp\htdocs\yii\framework\web\CBaseController.php:101
Stack trace:
#0 C:\xampp\htdocs\yii\framework\web\CController.php(869): CBaseController->renderFile('C:\xampp\htdocs...', Array, true)
#1 C:\xampp\htdocs\yii_blog_nerez_carlos\protected\views\comment\create.php(18): CController->renderPartial('_form', Array)
#2 C:\xampp\htdocs\yii\framework\web\CBaseController.php(126): require('C:\xampp\htdocs...')
#3 C:\xampp\htdocs\yii\framework\web\CBaseController.php(95): CBaseController->renderInternal('C:\xampp\htdocs...', Array, true)
#4 C:\xampp\htdocs\yii\framework\web\CController.php(869): CBaseController->renderFile('C:\xampp\htdocs...', Array, true)
#5 C:\xampp\htdocs\yii\framework\web\CController.php(782): CController->renderPartial('create', Array, true)
#6 C:\xampp\htdocs\yii_blog_nerez_carlos\protected\controllers\CommentController.php(91): CController->render('create', Array)
#7 C:\xampp\htdocs\yii\framework\web\actions\CInlineAction.php(49): CommentController->actionCreate()
#8 C:\xampp\htdocs\yii\framework\web\CController.php(308): CInlineAction->runWithParams(Array)
#9 C:\xampp\htdocs\yii\framework\web\filters\CFilterChain.php(133): CController->runAction(Object(CInlineAction))
#10 C:\xampp\htdocs\yii\framework\web\filters\CFilter.php(40): CFilterChain->run()
#11 C:\xampp\htdocs\yii\framework\web\CController.php(1145): CFilter->filter(Object(CFilterChain))
#12 C:\xampp\htdocs\yii\framework\web\filters\CInlineFilter.php(58): CController->filterAccessControl(Object(CFilterChain))
#13 C:\xampp\htdocs\yii\framework\web\filters\CFilterChain.php(130): CInlineFilter->filter(Object(CFilterChain))
#14 C:\xampp\htdocs\yii\framework\web\CController.php(291): CFilterChain->run()
#15 C:\xampp\htdocs\yii\framework\web\CController.php(265): CController->runActionWithFilters(Object(CInlineAction), Array)
#16 C:\xampp\htdocs\yii\framework\web\CWebApplication.php(282): CController->run('create')
#17 C:\xampp\htdocs\yii\framework\web\CWebApplication.php(141): CWebApplication->runController('comment/create')
#18 C:\xampp\htdocs\yii\framework\base\CApplication.php(180): CWebApplication->processRequest()
#19 C:\xampp\htdocs\yii_blog_nerez_carlos\index.php(13): CApplication->run()
#20 {main}
REQUEST_URI=/yii_blog_nerez_carlos/index.php?r=comment/create
HTTP_REFERER=http://localhost/yii_blog_nerez_carlos/index.php?r=Comment
---
2014/07/20 20:51:20 [error] [exception.CException] exception 'CException' with message 'CommentController contains improperly nested widget tags in its view "C:\xampp\htdocs\yii_blog_nerez_carlos\protected\views\comment\_form.php". A CActiveForm widget does not have an endWidget() call.' in C:\xampp\htdocs\yii\framework\web\CBaseController.php:101
Stack trace:
#0 C:\xampp\htdocs\yii\framework\web\CController.php(869): CBaseController->renderFile('C:\xampp\htdocs...', Array, true)
#1 C:\xampp\htdocs\yii_blog_nerez_carlos\protected\views\comment\create.php(18): CController->renderPartial('_form', Array)
#2 C:\xampp\htdocs\yii\framework\web\CBaseController.php(126): require('C:\xampp\htdocs...')
#3 C:\xampp\htdocs\yii\framework\web\CBaseController.php(95): CBaseController->renderInternal('C:\xampp\htdocs...', Array, true)
#4 C:\xampp\htdocs\yii\framework\web\CController.php(869): CBaseController->renderFile('C:\xampp\htdocs...', Array, true)
#5 C:\xampp\htdocs\yii\framework\web\CController.php(782): CController->renderPartial('create', Array, true)
#6 C:\xampp\htdocs\yii_blog_nerez_carlos\protected\controllers\CommentController.php(91): CController->render('create', Array)
#7 C:\xampp\htdocs\yii\framework\web\actions\CInlineAction.php(49): CommentController->actionCreate()
#8 C:\xampp\htdocs\yii\framework\web\CController.php(308): CInlineAction->runWithParams(Array)
#9 C:\xampp\htdocs\yii\framework\web\filters\CFilterChain.php(133): CController->runAction(Object(CInlineAction))
#10 C:\xampp\htdocs\yii\framework\web\filters\CFilter.php(40): CFilterChain->run()
#11 C:\xampp\htdocs\yii\framework\web\CController.php(1145): CFilter->filter(Object(CFilterChain))
#12 C:\xampp\htdocs\yii\framework\web\filters\CInlineFilter.php(58): CController->filterAccessControl(Object(CFilterChain))
#13 C:\xampp\htdocs\yii\framework\web\filters\CFilterChain.php(130): CInlineFilter->filter(Object(CFilterChain))
#14 C:\xampp\htdocs\yii\framework\web\CController.php(291): CFilterChain->run()
#15 C:\xampp\htdocs\yii\framework\web\CController.php(265): CController->runActionWithFilters(Object(CInlineAction), Array)
#16 C:\xampp\htdocs\yii\framework\web\CWebApplication.php(282): CController->run('create')
#17 C:\xampp\htdocs\yii\framework\web\CWebApplication.php(141): CWebApplication->runController('comment/create')
#18 C:\xampp\htdocs\yii\framework\base\CApplication.php(180): CWebApplication->processRequest()
#19 C:\xampp\htdocs\yii_blog_nerez_carlos\index.php(13): CApplication->run()
#20 {main}
REQUEST_URI=/yii_blog_nerez_carlos/index.php?r=comment/create
HTTP_REFERER=http://localhost/yii_blog_nerez_carlos/index.php?r=Comment
---
2014/07/20 20:52:12 [error] [exception.CException] exception 'CException' with message 'CommentController contains improperly nested widget tags in its view "C:\xampp\htdocs\yii_blog_nerez_carlos\protected\views\comment\_form.php". A CActiveForm widget does not have an endWidget() call.' in C:\xampp\htdocs\yii\framework\web\CBaseController.php:101
Stack trace:
#0 C:\xampp\htdocs\yii\framework\web\CController.php(869): CBaseController->renderFile('C:\xampp\htdocs...', Array, true)
#1 C:\xampp\htdocs\yii_blog_nerez_carlos\protected\views\comment\create.php(18): CController->renderPartial('_form', Array)
#2 C:\xampp\htdocs\yii\framework\web\CBaseController.php(126): require('C:\xampp\htdocs...')
#3 C:\xampp\htdocs\yii\framework\web\CBaseController.php(95): CBaseController->renderInternal('C:\xampp\htdocs...', Array, true)
#4 C:\xampp\htdocs\yii\framework\web\CController.php(869): CBaseController->renderFile('C:\xampp\htdocs...', Array, true)
#5 C:\xampp\htdocs\yii\framework\web\CController.php(782): CController->renderPartial('create', Array, true)
#6 C:\xampp\htdocs\yii_blog_nerez_carlos\protected\controllers\CommentController.php(91): CController->render('create', Array)
#7 C:\xampp\htdocs\yii\framework\web\actions\CInlineAction.php(49): CommentController->actionCreate()
#8 C:\xampp\htdocs\yii\framework\web\CController.php(308): CInlineAction->runWithParams(Array)
#9 C:\xampp\htdocs\yii\framework\web\filters\CFilterChain.php(133): CController->runAction(Object(CInlineAction))
#10 C:\xampp\htdocs\yii\framework\web\filters\CFilter.php(40): CFilterChain->run()
#11 C:\xampp\htdocs\yii\framework\web\CController.php(1145): CFilter->filter(Object(CFilterChain))
#12 C:\xampp\htdocs\yii\framework\web\filters\CInlineFilter.php(58): CController->filterAccessControl(Object(CFilterChain))
#13 C:\xampp\htdocs\yii\framework\web\filters\CFilterChain.php(130): CInlineFilter->filter(Object(CFilterChain))
#14 C:\xampp\htdocs\yii\framework\web\CController.php(291): CFilterChain->run()
#15 C:\xampp\htdocs\yii\framework\web\CController.php(265): CController->runActionWithFilters(Object(CInlineAction), Array)
#16 C:\xampp\htdocs\yii\framework\web\CWebApplication.php(282): CController->run('create')
#17 C:\xampp\htdocs\yii\framework\web\CWebApplication.php(141): CWebApplication->runController('comment/create')
#18 C:\xampp\htdocs\yii\framework\base\CApplication.php(180): CWebApplication->processRequest()
#19 C:\xampp\htdocs\yii_blog_nerez_carlos\index.php(13): CApplication->run()
#20 {main}
REQUEST_URI=/yii_blog_nerez_carlos/index.php?r=comment/create
HTTP_REFERER=http://localhost/yii_blog_nerez_carlos/index.php?r=Comment
---
2014/07/20 20:52:13 [error] [exception.CException] exception 'CException' with message 'CommentController contains improperly nested widget tags in its view "C:\xampp\htdocs\yii_blog_nerez_carlos\protected\views\comment\_form.php". A CActiveForm widget does not have an endWidget() call.' in C:\xampp\htdocs\yii\framework\web\CBaseController.php:101
Stack trace:
#0 C:\xampp\htdocs\yii\framework\web\CController.php(869): CBaseController->renderFile('C:\xampp\htdocs...', Array, true)
#1 C:\xampp\htdocs\yii_blog_nerez_carlos\protected\views\comment\create.php(18): CController->renderPartial('_form', Array)
#2 C:\xampp\htdocs\yii\framework\web\CBaseController.php(126): require('C:\xampp\htdocs...')
#3 C:\xampp\htdocs\yii\framework\web\CBaseController.php(95): CBaseController->renderInternal('C:\xampp\htdocs...', Array, true)
#4 C:\xampp\htdocs\yii\framework\web\CController.php(869): CBaseController->renderFile('C:\xampp\htdocs...', Array, true)
#5 C:\xampp\htdocs\yii\framework\web\CController.php(782): CController->renderPartial('create', Array, true)
#6 C:\xampp\htdocs\yii_blog_nerez_carlos\protected\controllers\CommentController.php(91): CController->render('create', Array)
#7 C:\xampp\htdocs\yii\framework\web\actions\CInlineAction.php(49): CommentController->actionCreate()
#8 C:\xampp\htdocs\yii\framework\web\CController.php(308): CInlineAction->runWithParams(Array)
#9 C:\xampp\htdocs\yii\framework\web\filters\CFilterChain.php(133): CController->runAction(Object(CInlineAction))
#10 C:\xampp\htdocs\yii\framework\web\filters\CFilter.php(40): CFilterChain->run()
#11 C:\xampp\htdocs\yii\framework\web\CController.php(1145): CFilter->filter(Object(CFilterChain))
#12 C:\xampp\htdocs\yii\framework\web\filters\CInlineFilter.php(58): CController->filterAccessControl(Object(CFilterChain))
#13 C:\xampp\htdocs\yii\framework\web\filters\CFilterChain.php(130): CInlineFilter->filter(Object(CFilterChain))
#14 C:\xampp\htdocs\yii\framework\web\CController.php(291): CFilterChain->run()
#15 C:\xampp\htdocs\yii\framework\web\CController.php(265): CController->runActionWithFilters(Object(CInlineAction), Array)
#16 C:\xampp\htdocs\yii\framework\web\CWebApplication.php(282): CController->run('create')
#17 C:\xampp\htdocs\yii\framework\web\CWebApplication.php(141): CWebApplication->runController('comment/create')
#18 C:\xampp\htdocs\yii\framework\base\CApplication.php(180): CWebApplication->processRequest()
#19 C:\xampp\htdocs\yii_blog_nerez_carlos\index.php(13): CApplication->run()
#20 {main}
REQUEST_URI=/yii_blog_nerez_carlos/index.php?r=comment/create
HTTP_REFERER=http://localhost/yii_blog_nerez_carlos/index.php?r=Comment
---
2014/07/20 20:52:13 [error] [exception.CException] exception 'CException' with message 'CommentController contains improperly nested widget tags in its view "C:\xampp\htdocs\yii_blog_nerez_carlos\protected\views\comment\_form.php". A CActiveForm widget does not have an endWidget() call.' in C:\xampp\htdocs\yii\framework\web\CBaseController.php:101
Stack trace:
#0 C:\xampp\htdocs\yii\framework\web\CController.php(869): CBaseController->renderFile('C:\xampp\htdocs...', Array, true)
#1 C:\xampp\htdocs\yii_blog_nerez_carlos\protected\views\comment\create.php(18): CController->renderPartial('_form', Array)
#2 C:\xampp\htdocs\yii\framework\web\CBaseController.php(126): require('C:\xampp\htdocs...')
#3 C:\xampp\htdocs\yii\framework\web\CBaseController.php(95): CBaseController->renderInternal('C:\xampp\htdocs...', Array, true)
#4 C:\xampp\htdocs\yii\framework\web\CController.php(869): CBaseController->renderFile('C:\xampp\htdocs...', Array, true)
#5 C:\xampp\htdocs\yii\framework\web\CController.php(782): CController->renderPartial('create', Array, true)
#6 C:\xampp\htdocs\yii_blog_nerez_carlos\protected\controllers\CommentController.php(91): CController->render('create', Array)
#7 C:\xampp\htdocs\yii\framework\web\actions\CInlineAction.php(49): CommentController->actionCreate()
#8 C:\xampp\htdocs\yii\framework\web\CController.php(308): CInlineAction->runWithParams(Array)
#9 C:\xampp\htdocs\yii\framework\web\filters\CFilterChain.php(133): CController->runAction(Object(CInlineAction))
#10 C:\xampp\htdocs\yii\framework\web\filters\CFilter.php(40): CFilterChain->run()
#11 C:\xampp\htdocs\yii\framework\web\CController.php(1145): CFilter->filter(Object(CFilterChain))
#12 C:\xampp\htdocs\yii\framework\web\filters\CInlineFilter.php(58): CController->filterAccessControl(Object(CFilterChain))
#13 C:\xampp\htdocs\yii\framework\web\filters\CFilterChain.php(130): CInlineFilter->filter(Object(CFilterChain))
#14 C:\xampp\htdocs\yii\framework\web\CController.php(291): CFilterChain->run()
#15 C:\xampp\htdocs\yii\framework\web\CController.php(265): CController->runActionWithFilters(Object(CInlineAction), Array)
#16 C:\xampp\htdocs\yii\framework\web\CWebApplication.php(282): CController->run('create')
#17 C:\xampp\htdocs\yii\framework\web\CWebApplication.php(141): CWebApplication->runController('comment/create')
#18 C:\xampp\htdocs\yii\framework\base\CApplication.php(180): CWebApplication->processRequest()
#19 C:\xampp\htdocs\yii_blog_nerez_carlos\index.php(13): CApplication->run()
#20 {main}
REQUEST_URI=/yii_blog_nerez_carlos/index.php?r=comment/create
HTTP_REFERER=http://localhost/yii_blog_nerez_carlos/index.php?r=Comment
---
2014/07/20 20:54:35 [error] [exception.CException] exception 'CException' with message 'CommentController contains improperly nested widget tags in its view "C:\xampp\htdocs\yii_blog_nerez_carlos\protected\views\comment\_form.php". A CActiveForm widget does not have an endWidget() call.' in C:\xampp\htdocs\yii\framework\web\CBaseController.php:101
Stack trace:
#0 C:\xampp\htdocs\yii\framework\web\CController.php(869): CBaseController->renderFile('C:\xampp\htdocs...', Array, true)
#1 C:\xampp\htdocs\yii_blog_nerez_carlos\protected\views\comment\create.php(18): CController->renderPartial('_form', Array)
#2 C:\xampp\htdocs\yii\framework\web\CBaseController.php(126): require('C:\xampp\htdocs...')
#3 C:\xampp\htdocs\yii\framework\web\CBaseController.php(95): CBaseController->renderInternal('C:\xampp\htdocs...', Array, true)
#4 C:\xampp\htdocs\yii\framework\web\CController.php(869): CBaseController->renderFile('C:\xampp\htdocs...', Array, true)
#5 C:\xampp\htdocs\yii\framework\web\CController.php(782): CController->renderPartial('create', Array, true)
#6 C:\xampp\htdocs\yii_blog_nerez_carlos\protected\controllers\CommentController.php(91): CController->render('create', Array)
#7 C:\xampp\htdocs\yii\framework\web\actions\CInlineAction.php(49): CommentController->actionCreate()
#8 C:\xampp\htdocs\yii\framework\web\CController.php(308): CInlineAction->runWithParams(Array)
#9 C:\xampp\htdocs\yii\framework\web\filters\CFilterChain.php(133): CController->runAction(Object(CInlineAction))
#10 C:\xampp\htdocs\yii\framework\web\filters\CFilter.php(40): CFilterChain->run()
#11 C:\xampp\htdocs\yii\framework\web\CController.php(1145): CFilter->filter(Object(CFilterChain))
#12 C:\xampp\htdocs\yii\framework\web\filters\CInlineFilter.php(58): CController->filterAccessControl(Object(CFilterChain))
#13 C:\xampp\htdocs\yii\framework\web\filters\CFilterChain.php(130): CInlineFilter->filter(Object(CFilterChain))
#14 C:\xampp\htdocs\yii\framework\web\CController.php(291): CFilterChain->run()
#15 C:\xampp\htdocs\yii\framework\web\CController.php(265): CController->runActionWithFilters(Object(CInlineAction), Array)
#16 C:\xampp\htdocs\yii\framework\web\CWebApplication.php(282): CController->run('create')
#17 C:\xampp\htdocs\yii\framework\web\CWebApplication.php(141): CWebApplication->runController('comment/create')
#18 C:\xampp\htdocs\yii\framework\base\CApplication.php(180): CWebApplication->processRequest()
#19 C:\xampp\htdocs\yii_blog_nerez_carlos\index.php(13): CApplication->run()
#20 {main}
REQUEST_URI=/yii_blog_nerez_carlos/index.php?r=comment/create
HTTP_REFERER=http://localhost/yii_blog_nerez_carlos/index.php?r=Comment
---
2014/07/20 20:54:36 [error] [exception.CException] exception 'CException' with message 'CommentController contains improperly nested widget tags in its view "C:\xampp\htdocs\yii_blog_nerez_carlos\protected\views\comment\_form.php". A CActiveForm widget does not have an endWidget() call.' in C:\xampp\htdocs\yii\framework\web\CBaseController.php:101
Stack trace:
#0 C:\xampp\htdocs\yii\framework\web\CController.php(869): CBaseController->renderFile('C:\xampp\htdocs...', Array, true)
#1 C:\xampp\htdocs\yii_blog_nerez_carlos\protected\views\comment\create.php(18): CController->renderPartial('_form', Array)
#2 C:\xampp\htdocs\yii\framework\web\CBaseController.php(126): require('C:\xampp\htdocs...')
#3 C:\xampp\htdocs\yii\framework\web\CBaseController.php(95): CBaseController->renderInternal('C:\xampp\htdocs...', Array, true)
#4 C:\xampp\htdocs\yii\framework\web\CController.php(869): CBaseController->renderFile('C:\xampp\htdocs...', Array, true)
#5 C:\xampp\htdocs\yii\framework\web\CController.php(782): CController->renderPartial('create', Array, true)
#6 C:\xampp\htdocs\yii_blog_nerez_carlos\protected\controllers\CommentController.php(91): CController->render('create', Array)
#7 C:\xampp\htdocs\yii\framework\web\actions\CInlineAction.php(49): CommentController->actionCreate()
#8 C:\xampp\htdocs\yii\framework\web\CController.php(308): CInlineAction->runWithParams(Array)
#9 C:\xampp\htdocs\yii\framework\web\filters\CFilterChain.php(133): CController->runAction(Object(CInlineAction))
#10 C:\xampp\htdocs\yii\framework\web\filters\CFilter.php(40): CFilterChain->run()
#11 C:\xampp\htdocs\yii\framework\web\CController.php(1145): CFilter->filter(Object(CFilterChain))
#12 C:\xampp\htdocs\yii\framework\web\filters\CInlineFilter.php(58): CController->filterAccessControl(Object(CFilterChain))
#13 C:\xampp\htdocs\yii\framework\web\filters\CFilterChain.php(130): CInlineFilter->filter(Object(CFilterChain))
#14 C:\xampp\htdocs\yii\framework\web\CController.php(291): CFilterChain->run()
#15 C:\xampp\htdocs\yii\framework\web\CController.php(265): CController->runActionWithFilters(Object(CInlineAction), Array)
#16 C:\xampp\htdocs\yii\framework\web\CWebApplication.php(282): CController->run('create')
#17 C:\xampp\htdocs\yii\framework\web\CWebApplication.php(141): CWebApplication->runController('comment/create')
#18 C:\xampp\htdocs\yii\framework\base\CApplication.php(180): CWebApplication->processRequest()
#19 C:\xampp\htdocs\yii_blog_nerez_carlos\index.php(13): CApplication->run()
#20 {main}
REQUEST_URI=/yii_blog_nerez_carlos/index.php?r=comment/create
HTTP_REFERER=http://localhost/yii_blog_nerez_carlos/index.php?r=Comment
---
